usage: run.py [-h] [-c CONFIG_PATH] [-s SOURCE_PATHS] [-t TARGET_PATH]
              [-o OUTPUT_PATH] [-v] [-f FACE_PATH] [--force-download]
              [--skip-download] [--headless]
              [--log-level {error,warn,info,debug}] [--only-detector]
              [--execution-device-id EXECUTION_DEVICE_ID]
              [--execution-providers EXECUTION_PROVIDERS [EXECUTION_PROVIDERS ...]]
              [--execution-thread-count [1-128]]
              [--execution-queue-count [1-32]]
              [--video-memory-strategy {strict,moderate,tolerant}]
              [--system-memory-limit [0-128]]
              [--face-analyser-order {left-right,right-left,top-bottom,bottom-top,small-large,large-small,best-worst,worst-best}]
              [--face-analyser-age {child,teen,adult,senior}]
              [--face-analyser-gender {female,male}]
              [--face-detector-model {many,retinaface,scrfd,yoloface,yunet}]
              [--face-detector-size FACE_DETECTOR_SIZE]
              [--face-detector-score [0.0-1.0]]
              [--face-landmarker-score [0.0-1.0]]
              [--face-detector-output-directory FACE_DETECTOR_OUTPUT_DIRECTORY]
              [--face-selector-mode {many,one,reference}]
              [--reference-face-position REFERENCE_FACE_POSITION]
              [--reference-face-distance [0.0-1.5]]
              [--reference-frame-number REFERENCE_FRAME_NUMBER]
              [--face-mask-types FACE_MASK_TYPES [FACE_MASK_TYPES ...]]
              [--face-mask-blur [0.0-1.0]]
              [--face-mask-padding FACE_MASK_PADDING [FACE_MASK_PADDING ...]]
              [--face-mask-regions FACE_MASK_REGIONS [FACE_MASK_REGIONS ...]]
              [--trim-frame-start TRIM_FRAME_START]
              [--trim-frame-end TRIM_FRAME_END]
              [--temp-frame-format {bmp,jpg,png}] [--keep-temp]
              [--output-image-quality [0-100]]
              [--output-image-resolution OUTPUT_IMAGE_RESOLUTION]
              [--output-video-encoder {libx264,libx265,libvpx-vp9,h264_nvenc,hevc_nvenc,h264_amf,hevc_amf}]
              [--output-video-preset {ultrafast,superfast,veryfast,faster,fast,medium,slow,slower,veryslow}]
              [--output-video-quality [0-100]]
              [--output-video-resolution OUTPUT_VIDEO_RESOLUTION]
              [--output-video-fps OUTPUT_VIDEO_FPS] [--skip-audio]
              [--frame-processors FRAME_PROCESSORS [FRAME_PROCESSORS ...]]
              [--face-debugger-items FACE_DEBUGGER_ITEMS [FACE_DEBUGGER_ITEMS ...]]
              [--face-enhancer-model {codeformer,gfpgan_1.2,gfpgan_1.3,gfpgan_1.4,gpen_bfr_256,gpen_bfr_512,gpen_bfr_1024,gpen_bfr_2048,restoreformer_plus_plus}]
              [--face-enhancer-blend [0-100]]
              [--face-swapper-model {blendswap_256,inswapper_128,inswapper_128_fp16,simswap_256,simswap_512_unofficial,uniface_256}]
              [--frame-colorizer-model {ddcolor,ddcolor_artistic,deoldify,deoldify_artistic,deoldify_stable}]
              [--frame-colorizer-blend [0-100]]
              [--frame-colorizer-size {192x192,256x256,384x384,512x512}]
              [--frame-enhancer-model {clear_reality_x4,lsdir_x4,nomos8k_sc_x4,real_esrgan_x2,real_esrgan_x2_fp16,real_esrgan_x4,real_esrgan_x4_fp16,real_hatgan_x4,span_kendata_x4,ultra_sharp_x4}]
              [--frame-enhancer-blend [0-100]]
              [--lip-syncer-model {wav2lip_gan}] [--open-browser]
              [--ui-layouts UI_LAYOUTS [UI_LAYOUTS ...]]
run.py: error: argument --execution-providers: invalid choice: 'cuda' (choose from 'azure', 'cpu')
